2026-02-18 12:56:20,070 - BEGIN (implicit)
2026-02-18 12:56:20,071 - PRAGMA main.table_info("user")
2026-02-18 12:56:20,071 - [raw sql] ()
2026-02-18 12:56:20,071 - PRAGMA temp.table_info("user")
2026-02-18 12:56:20,071 - [raw sql] ()
2026-02-18 12:56:20,071 - PRAGMA main.table_info("transaction")
2026-02-18 12:56:20,072 - [raw sql] ()
2026-02-18 12:56:20,072 - PRAGMA temp.table_info("transaction")
2026-02-18 12:56:20,072 - [raw sql] ()
2026-02-18 12:56:20,072 - 
CREATE TABLE user (
	id INTEGER NOT NULL, 
	email VARCHAR NOT NULL, 
	hashed_password VARCHAR NOT NULL, 
	PRIMARY KEY (id)
)


2026-02-18 12:56:20,072 - [no key 0.00016s] ()
2026-02-18 12:56:20,079 - CREATE UNIQUE INDEX ix_user_email ON user (email)
2026-02-18 12:56:20,079 - [no key 0.00026s] ()
2026-02-18 12:56:20,085 - 
CREATE TABLE "transaction" (
	id INTEGER NOT NULL, 
	user_id INTEGER NOT NULL, 
	amount FLOAT NOT NULL, 
	currency VARCHAR NOT NULL, 
	merchant_id VARCHAR NOT NULL, 
	idempotency_key VARCHAR NOT NULL, 
	created_at DATETIME NOT NULL, 
	PRIMARY KEY (id), 
	FOREIGN KEY(user_id) REFERENCES user (id)
)


2026-02-18 12:56:20,085 - [no key 0.00050s] ()
2026-02-18 12:56:20,091 - CREATE INDEX ix_transaction_user_id ON "transaction" (user_id)
2026-02-18 12:56:20,091 - [no key 0.00024s] ()
2026-02-18 12:56:20,098 - CREATE UNIQUE INDEX ix_transaction_idempotency_key ON "transaction" (idempotency_key)
2026-02-18 12:56:20,099 - [no key 0.00050s] ()
2026-02-18 12:56:20,105 - COMMIT
2026-02-18 13:05:36,020 - BEGIN (implicit)
2026-02-18 13:05:36,020 - PRAGMA main.table_info("user")
2026-02-18 13:05:36,020 - [raw sql] ()
2026-02-18 13:05:36,021 - PRAGMA main.table_info("transaction")
2026-02-18 13:05:36,021 - [raw sql] ()
2026-02-18 13:05:36,022 - COMMIT
2026-02-18 13:06:25,407 - BEGIN (implicit)
2026-02-18 13:06:25,408 - PRAGMA main.table_info("user")
2026-02-18 13:06:25,408 - [raw sql] ()
2026-02-18 13:06:25,409 - PRAGMA main.table_info("transaction")
2026-02-18 13:06:25,409 - [raw sql] ()
2026-02-18 13:06:25,409 - COMMIT
2026-02-18 13:07:00,694 - BEGIN (implicit)
2026-02-18 13:07:00,694 - PRAGMA main.table_info("user")
2026-02-18 13:07:00,694 - [raw sql] ()
2026-02-18 13:07:00,694 - PRAGMA main.table_info("transaction")
2026-02-18 13:07:00,695 - [raw sql] ()
2026-02-18 13:07:00,695 - COMMIT
2026-02-18 13:07:29,625 - BEGIN (implicit)
2026-02-18 13:07:29,630 - SELECT user.id, user.email, user.hashed_password 
FROM user 
WHERE user.email = ?
2026-02-18 13:07:29,630 - [generated in 0.00036s] ('zp@gmail.com',)
2026-02-18 13:07:29,631 - (trapped) error reading bcrypt version
Traceback (most recent call last):
  File "/home/zuhaib/Desktop/Secure Mini/venv/lib/python3.13/site-packages/passlib/handlers/bcrypt.py", line 620, in _load_backend_mixin
    version = _bcrypt.__about__.__version__
              ^^^^^^^^^^^^^^^^^
AttributeError: module 'bcrypt' has no attribute '__about__'
2026-02-18 13:07:29,639 - ROLLBACK
2026-02-18 13:07:35,755 - BEGIN (implicit)
2026-02-18 13:07:35,756 - SELECT user.id, user.email, user.hashed_password 
FROM user 
WHERE user.email = ?
2026-02-18 13:07:35,756 - [cached since 6.126s ago] ('zp@gmail.com',)
2026-02-18 13:07:35,757 - (trapped) error reading bcrypt version
Traceback (most recent call last):
  File "/home/zuhaib/Desktop/Secure Mini/venv/lib/python3.13/site-packages/passlib/handlers/bcrypt.py", line 620, in _load_backend_mixin
    version = _bcrypt.__about__.__version__
              ^^^^^^^^^^^^^^^^^
AttributeError: module 'bcrypt' has no attribute '__about__'
2026-02-18 13:07:35,765 - ROLLBACK
2026-02-18 13:07:50,747 - BEGIN (implicit)
2026-02-18 13:07:50,748 - SELECT user.id, user.email, user.hashed_password 
FROM user 
WHERE user.email = ?
2026-02-18 13:07:50,748 - [cached since 21.12s ago] ('zp@gmail.com',)
2026-02-18 13:07:50,749 - Failed login attempt for email: zp@gmail.com
2026-02-18 13:07:50,749 - ROLLBACK
2026-02-18 13:08:27,008 - BEGIN (implicit)
2026-02-18 13:08:27,008 - SELECT user.id, user.email, user.hashed_password 
FROM user 
WHERE user.email = ?
2026-02-18 13:08:27,009 - [cached since 57.38s ago] ('zp@gmail.com',)
2026-02-18 13:08:27,009 - (trapped) error reading bcrypt version
Traceback (most recent call last):
  File "/home/zuhaib/Desktop/Secure Mini/venv/lib/python3.13/site-packages/passlib/handlers/bcrypt.py", line 620, in _load_backend_mixin
    version = _bcrypt.__about__.__version__
              ^^^^^^^^^^^^^^^^^
AttributeError: module 'bcrypt' has no attribute '__about__'
2026-02-18 13:08:27,018 - ROLLBACK
2026-02-18 13:08:49,864 - BEGIN (implicit)
2026-02-18 13:08:49,865 - PRAGMA main.table_info("user")
2026-02-18 13:08:49,865 - [raw sql] ()
2026-02-18 13:08:49,867 - PRAGMA main.table_info("transaction")
2026-02-18 13:08:49,867 - [raw sql] ()
2026-02-18 13:08:49,867 - COMMIT
2026-02-18 13:11:31,149 - BEGIN (implicit)
2026-02-18 13:11:31,150 - PRAGMA main.table_info("user")
2026-02-18 13:11:31,150 - [raw sql] ()
2026-02-18 13:11:31,150 - PRAGMA main.table_info("transaction")
2026-02-18 13:11:31,151 - [raw sql] ()
2026-02-18 13:11:31,151 - COMMIT
2026-02-18 13:12:00,549 - BEGIN (implicit)
2026-02-18 13:12:00,553 - SELECT user.id, user.email, user.hashed_password 
FROM user 
WHERE user.email = ?
2026-02-18 13:12:00,553 - [generated in 0.00030s] ('zpec@gmail.com',)
2026-02-18 13:12:00,555 - (trapped) error reading bcrypt version
Traceback (most recent call last):
  File "/home/zuhaib/Desktop/Secure Mini/venv/lib/python3.13/site-packages/passlib/handlers/bcrypt.py", line 620, in _load_backend_mixin
    version = _bcrypt.__about__.__version__
              ^^^^^^^^^^^^^^^^^
AttributeError: module 'bcrypt' has no attribute '__about__'
2026-02-18 13:12:00,564 - ROLLBACK
2026-02-18 13:12:05,865 - BEGIN (implicit)
2026-02-18 13:12:05,865 - SELECT user.id, user.email, user.hashed_password 
FROM user 
WHERE user.email = ?
2026-02-18 13:12:05,866 - [cached since 5.313s ago] ('zpec@gmail.com',)
2026-02-18 13:12:05,866 - (trapped) error reading bcrypt version
Traceback (most recent call last):
  File "/home/zuhaib/Desktop/Secure Mini/venv/lib/python3.13/site-packages/passlib/handlers/bcrypt.py", line 620, in _load_backend_mixin
    version = _bcrypt.__about__.__version__
              ^^^^^^^^^^^^^^^^^
AttributeError: module 'bcrypt' has no attribute '__about__'
2026-02-18 13:12:05,875 - ROLLBACK
2026-02-18 14:10:30,743 - BEGIN (implicit)
2026-02-18 14:10:30,744 - PRAGMA main.table_info("user")
2026-02-18 14:10:30,744 - [raw sql] ()
2026-02-18 14:10:30,744 - PRAGMA main.table_info("transaction")
2026-02-18 14:10:30,745 - [raw sql] ()
2026-02-18 14:10:30,745 - COMMIT
2026-02-18 14:10:56,580 - BEGIN (implicit)
2026-02-18 14:10:56,584 - SELECT user.id, user.email, user.hashed_password 
FROM user 
WHERE user.email = ?
2026-02-18 14:10:56,585 - [generated in 0.00052s] ('zpec@gmail.com',)
2026-02-18 14:10:56,586 - (trapped) error reading bcrypt version
Traceback (most recent call last):
  File "/home/zuhaib/Desktop/Secure Mini/venv/lib/python3.13/site-packages/passlib/handlers/bcrypt.py", line 620, in _load_backend_mixin
    version = _bcrypt.__about__.__version__
              ^^^^^^^^^^^^^^^^^
AttributeError: module 'bcrypt' has no attribute '__about__'
2026-02-18 14:10:56,593 - ROLLBACK
2026-02-18 14:17:48,629 - BEGIN (implicit)
2026-02-18 14:17:48,630 - PRAGMA main.table_info("user")
2026-02-18 14:17:48,631 - [raw sql] ()
2026-02-18 14:17:48,632 - PRAGMA main.table_info("transaction")
2026-02-18 14:17:48,633 - [raw sql] ()
2026-02-18 14:17:48,633 - COMMIT
2026-02-18 14:18:11,822 - BEGIN (implicit)
2026-02-18 14:18:11,827 - SELECT user.id, user.email, user.hashed_password 
FROM user 
WHERE user.email = ?
2026-02-18 14:18:11,827 - [generated in 0.00036s] ('smz@gmail.com',)
2026-02-18 14:18:11,828 - Failed login attempt for email: smz@gmail.com
2026-02-18 14:18:11,828 - ROLLBACK
2026-02-18 14:18:25,926 - BEGIN (implicit)
2026-02-18 14:18:25,927 - SELECT user.id, user.email, user.hashed_password 
FROM user 
WHERE user.email = ?
2026-02-18 14:18:25,927 - [cached since 14.1s ago] ('zpec@gmail.com',)
2026-02-18 14:18:25,928 - (trapped) error reading bcrypt version
Traceback (most recent call last):
  File "/home/zuhaib/Desktop/Secure Mini/venv/lib/python3.13/site-packages/passlib/handlers/bcrypt.py", line 620, in _load_backend_mixin
    version = _bcrypt.__about__.__version__
              ^^^^^^^^^^^^^^^^^
AttributeError: module 'bcrypt' has no attribute '__about__'
2026-02-18 14:18:25,938 - ROLLBACK
2026-02-18 14:18:30,108 - BEGIN (implicit)
2026-02-18 14:18:30,108 - SELECT user.id, user.email, user.hashed_password 
FROM user 
WHERE user.email = ?
2026-02-18 14:18:30,109 - [cached since 18.28s ago] ('zpec@gmail.com',)
2026-02-18 14:18:30,110 - (trapped) error reading bcrypt version
Traceback (most recent call last):
  File "/home/zuhaib/Desktop/Secure Mini/venv/lib/python3.13/site-packages/passlib/handlers/bcrypt.py", line 620, in _load_backend_mixin
    version = _bcrypt.__about__.__version__
              ^^^^^^^^^^^^^^^^^
AttributeError: module 'bcrypt' has no attribute '__about__'
2026-02-18 14:18:30,116 - ROLLBACK
2026-02-18 14:18:34,523 - BEGIN (implicit)
2026-02-18 14:18:34,524 - SELECT user.id, user.email, user.hashed_password 
FROM user 
WHERE user.email = ?
2026-02-18 14:18:34,527 - [cached since 22.7s ago] ('zpec@gmail.com',)
2026-02-18 14:18:34,528 - (trapped) error reading bcrypt version
Traceback (most recent call last):
  File "/home/zuhaib/Desktop/Secure Mini/venv/lib/python3.13/site-packages/passlib/handlers/bcrypt.py", line 620, in _load_backend_mixin
    version = _bcrypt.__about__.__version__
              ^^^^^^^^^^^^^^^^^
AttributeError: module 'bcrypt' has no attribute '__about__'
2026-02-18 14:18:34,535 - ROLLBACK
2026-02-18 14:19:35,550 - BEGIN (implicit)
2026-02-18 14:19:35,550 - SELECT user.id, user.email, user.hashed_password 
FROM user 
WHERE user.email = ?
2026-02-18 14:19:35,550 - [cached since 83.72s ago] ('test@test.com',)
2026-02-18 14:19:35,551 - (trapped) error reading bcrypt version
Traceback (most recent call last):
  File "/home/zuhaib/Desktop/Secure Mini/venv/lib/python3.13/site-packages/passlib/handlers/bcrypt.py", line 620, in _load_backend_mixin
    version = _bcrypt.__about__.__version__
              ^^^^^^^^^^^^^^^^^
AttributeError: module 'bcrypt' has no attribute '__about__'
2026-02-18 14:19:35,559 - ROLLBACK
2026-02-18 14:21:13,668 - BEGIN (implicit)
2026-02-18 14:21:13,668 - PRAGMA main.table_info("user")
2026-02-18 14:21:13,669 - [raw sql] ()
2026-02-18 14:21:13,670 - PRAGMA main.table_info("transaction")
2026-02-18 14:21:13,670 - [raw sql] ()
2026-02-18 14:21:13,670 - COMMIT
2026-02-18 14:21:41,640 - BEGIN (implicit)
2026-02-18 14:21:41,648 - SELECT user.id, user.email, user.hashed_password 
FROM user 
WHERE user.email = ?
2026-02-18 14:21:41,648 - [generated in 0.00046s] ('zpec590@gmail.com',)
2026-02-18 14:21:41,649 - (trapped) error reading bcrypt version
Traceback (most recent call last):
  File "/home/zuhaib/Desktop/Secure Mini/venv/lib/python3.13/site-packages/passlib/handlers/bcrypt.py", line 620, in _load_backend_mixin
    version = _bcrypt.__about__.__version__
              ^^^^^^^^^^^^^^^^^
AttributeError: module 'bcrypt' has no attribute '__about__'
2026-02-18 14:21:41,656 - ROLLBACK
2026-02-18 14:22:14,918 - BEGIN (implicit)
2026-02-18 14:22:14,919 - PRAGMA main.table_info("user")
2026-02-18 14:22:14,919 - [raw sql] ()
2026-02-18 14:22:14,920 - PRAGMA main.table_info("transaction")
2026-02-18 14:22:14,920 - [raw sql] ()
2026-02-18 14:22:14,920 - COMMIT
2026-02-18 14:22:31,811 - BEGIN (implicit)
2026-02-18 14:22:31,812 - PRAGMA main.table_info("user")
2026-02-18 14:22:31,812 - [raw sql] ()
2026-02-18 14:22:31,813 - PRAGMA main.table_info("transaction")
2026-02-18 14:22:31,813 - [raw sql] ()
2026-02-18 14:22:31,814 - COMMIT
2026-02-18 14:22:33,259 - BEGIN (implicit)
2026-02-18 14:22:33,260 - PRAGMA main.table_info("user")
2026-02-18 14:22:33,260 - [raw sql] ()
2026-02-18 14:22:33,261 - PRAGMA main.table_info("transaction")
2026-02-18 14:22:33,261 - [raw sql] ()
2026-02-18 14:22:33,262 - COMMIT
2026-02-18 14:22:54,280 - BEGIN (implicit)
2026-02-18 14:22:54,284 - SELECT user.id, user.email, user.hashed_password 
FROM user 
WHERE user.email = ?
2026-02-18 14:22:54,284 - [generated in 0.00047s] ('zpec@gmail.com',)
2026-02-18 14:22:54,286 - (trapped) error reading bcrypt version
Traceback (most recent call last):
  File "/home/zuhaib/Desktop/Secure Mini/venv/lib/python3.13/site-packages/passlib/handlers/bcrypt.py", line 620, in _load_backend_mixin
    version = _bcrypt.__about__.__version__
              ^^^^^^^^^^^^^^^^^
AttributeError: module 'bcrypt' has no attribute '__about__'
2026-02-18 14:22:54,293 - ROLLBACK
2026-02-18 14:23:12,516 - BEGIN (implicit)
2026-02-18 14:23:12,516 - PRAGMA main.table_info("user")
2026-02-18 14:23:12,516 - [raw sql] ()
2026-02-18 14:23:12,517 - PRAGMA main.table_info("transaction")
2026-02-18 14:23:12,518 - [raw sql] ()
2026-02-18 14:23:12,518 - COMMIT
2026-02-18 14:23:32,483 - BEGIN (implicit)
2026-02-18 14:23:32,488 - SELECT user.id, user.email, user.hashed_password 
FROM user 
WHERE user.email = ?
2026-02-18 14:23:32,488 - [generated in 0.00039s] ('smz@gmail.com',)
2026-02-18 14:23:32,490 - (trapped) error reading bcrypt version
Traceback (most recent call last):
  File "/home/zuhaib/Desktop/Secure Mini/venv/lib/python3.13/site-packages/passlib/handlers/bcrypt.py", line 620, in _load_backend_mixin
    version = _bcrypt.__about__.__version__
              ^^^^^^^^^^^^^^^^^
AttributeError: module 'bcrypt' has no attribute '__about__'
2026-02-18 14:23:32,496 - ROLLBACK
2026-02-18 14:23:58,584 - BEGIN (implicit)
2026-02-18 14:23:58,584 - PRAGMA main.table_info("user")
2026-02-18 14:23:58,584 - [raw sql] ()
2026-02-18 14:23:58,585 - PRAGMA main.table_info("transaction")
2026-02-18 14:23:58,585 - [raw sql] ()
2026-02-18 14:23:58,585 - COMMIT
2026-02-18 14:24:43,851 - BEGIN (implicit)
2026-02-18 14:24:43,851 - PRAGMA main.table_info("user")
2026-02-18 14:24:43,851 - [raw sql] ()
2026-02-18 14:24:43,852 - PRAGMA main.table_info("transaction")
2026-02-18 14:24:43,852 - [raw sql] ()
2026-02-18 14:24:43,853 - COMMIT
2026-02-18 14:25:02,285 - BEGIN (implicit)
2026-02-18 14:25:02,289 - SELECT user.id, user.email, user.hashed_password 
FROM user 
WHERE user.email = ?
2026-02-18 14:25:02,289 - [generated in 0.00038s] ('mohammedzuhaib@gmail.com',)
2026-02-18 14:25:02,494 - INSERT INTO user (email, hashed_password) VALUES (?, ?)
2026-02-18 14:25:02,495 - [generated in 0.00040s] ('mohammedzuhaib@gmail.com', '$2b$12$.p42qrMFe8JQoF0fdTVqj.WGOkhV6iYklfnmNyPUpFirmH5kAZjoW')
2026-02-18 14:25:02,496 - COMMIT
2026-02-18 14:25:02,504 - BEGIN (implicit)
2026-02-18 14:25:02,508 - SELECT user.id, user.email, user.hashed_password 
FROM user 
WHERE user.id = ?
2026-02-18 14:25:02,508 - [generated in 0.00053s] (1,)
2026-02-18 14:25:02,509 - ROLLBACK
2026-02-18 14:25:15,277 - BEGIN (implicit)
2026-02-18 14:25:15,277 - SELECT user.id, user.email, user.hashed_password 
FROM user 
WHERE user.email = ?
2026-02-18 14:25:15,278 - [cached since 12.99s ago] ('mohammedzuhaib@gmail.com',)
2026-02-18 14:25:15,494 - ROLLBACK
2026-02-18 14:25:30,311 - BEGIN (implicit)
2026-02-18 14:25:30,313 - SELECT "transaction".id, "transaction".user_id, "transaction".amount, "transaction".currency, "transaction".merchant_id, "transaction".idempotency_key, "transaction".created_at 
FROM "transaction" 
WHERE "transaction".idempotency_key = ?
2026-02-18 14:25:30,313 - [generated in 0.00055s] ('1771404930300-0.40530387731016637',)
2026-02-18 14:25:30,317 - INSERT INTO "transaction" (user_id, amount, currency, merchant_id, idempotency_key, created_at) VALUES (?, ?, ?, ?, ?, ?)
2026-02-18 14:25:30,319 - [generated in 0.00130s] (1, 50.0, 'usd', '1001', '1771404930300-0.40530387731016637', '2026-02-18 08:55:30.315668')
2026-02-18 14:25:30,321 - COMMIT
2026-02-18 14:25:30,327 - BEGIN (implicit)
2026-02-18 14:25:30,330 - SELECT "transaction".id, "transaction".user_id, "transaction".amount, "transaction".currency, "transaction".merchant_id, "transaction".idempotency_key, "transaction".created_at 
FROM "transaction" 
WHERE "transaction".id = ?
2026-02-18 14:25:30,331 - [generated in 0.00109s] (1,)
2026-02-18 14:25:30,334 - ROLLBACK
2026-02-18 14:25:32,283 - BEGIN (implicit)
2026-02-18 14:25:32,284 - SELECT "transaction".id, "transaction".user_id, "transaction".amount, "transaction".currency, "transaction".merchant_id, "transaction".idempotency_key, "transaction".created_at 
FROM "transaction" 
WHERE "transaction".user_id = ?
2026-02-18 14:25:32,285 - [generated in 0.00059s] (1,)
2026-02-18 14:25:32,286 - ROLLBACK
2026-02-18 14:26:03,549 - BEGIN (implicit)
2026-02-18 14:26:03,550 - SELECT user.id, user.email, user.hashed_password 
FROM user 
WHERE user.email = ?
2026-02-18 14:26:03,550 - [cached since 61.26s ago] ('mohammedzuhaib@gmail.com',)
2026-02-18 14:26:03,754 - Failed login attempt for email: mohammedzuhaib@gmail.com
2026-02-18 14:26:03,754 - ROLLBACK
2026-02-18 14:38:30,915 - BEGIN (implicit)
2026-02-18 14:38:30,915 - SELECT user.id, user.email, user.hashed_password 
FROM user 
WHERE user.email = ?
2026-02-18 14:38:30,915 - [cached since 808.6s ago] ('mohammedzuhaib@gmail.com',)
2026-02-18 14:38:30,916 - ROLLBACK
2026-02-18 14:47:01,821 - BEGIN (implicit)
2026-02-18 14:47:01,822 - PRAGMA main.table_info("user")
2026-02-18 14:47:01,822 - [raw sql] ()
2026-02-18 14:47:01,823 - PRAGMA main.table_info("transaction")
2026-02-18 14:47:01,823 - [raw sql] ()
2026-02-18 14:47:01,823 - COMMIT
2026-02-18 14:54:12,562 - BEGIN (implicit)
2026-02-18 14:54:12,564 - PRAGMA main.table_info("user")
2026-02-18 14:54:12,565 - [raw sql] ()
2026-02-18 14:54:12,566 - PRAGMA main.table_info("transaction")
2026-02-18 14:54:12,566 - [raw sql] ()
2026-02-18 14:54:12,567 - COMMIT
2026-02-18 14:54:18,473 - BEGIN (implicit)
2026-02-18 14:54:18,473 - PRAGMA main.table_info("user")
2026-02-18 14:54:18,474 - [raw sql] ()
2026-02-18 14:54:18,476 - PRAGMA main.table_info("transaction")
2026-02-18 14:54:18,476 - [raw sql] ()
2026-02-18 14:54:18,479 - COMMIT
2026-02-18 14:54:45,241 - BEGIN (implicit)
2026-02-18 14:54:45,248 - SELECT user.id, user.email, user.hashed_password 
FROM user 
WHERE user.email = ?
2026-02-18 14:54:45,248 - [generated in 0.00054s] ('mohammedzuhaib@gmail.com',)
2026-02-18 14:54:45,463 - ROLLBACK
2026-02-18 14:54:48,063 - BEGIN (implicit)
2026-02-18 14:54:48,067 - SELECT "transaction".id, "transaction".user_id, "transaction".amount, "transaction".currency, "transaction".merchant_id, "transaction".idempotency_key, "transaction".created_at 
FROM "transaction" 
WHERE "transaction".user_id = ?
2026-02-18 14:54:48,068 - [generated in 0.00053s] (1,)
2026-02-18 14:54:48,069 - ROLLBACK
2026-02-18 14:55:01,423 - BEGIN (implicit)
2026-02-18 14:55:01,424 - SELECT "transaction".id, "transaction".user_id, "transaction".amount, "transaction".currency, "transaction".merchant_id, "transaction".idempotency_key, "transaction".created_at 
FROM "transaction" 
WHERE "transaction".user_id = ?
2026-02-18 14:55:01,425 - [cached since 13.36s ago] (1,)
2026-02-18 14:55:01,427 - ROLLBACK
2026-02-18 14:55:12,417 - BEGIN (implicit)
2026-02-18 14:55:12,417 - SELECT user.id, user.email, user.hashed_password 
FROM user 
WHERE user.email = ?
2026-02-18 14:55:12,417 - [cached since 27.17s ago] ('mohammedzuhaib@gmail.com',)
2026-02-18 14:55:12,418 - ROLLBACK
2026-02-18 14:55:28,543 - BEGIN (implicit)
2026-02-18 14:55:28,543 - SELECT user.id, user.email, user.hashed_password 
FROM user 
WHERE user.email = ?
2026-02-18 14:55:28,544 - [cached since 43.3s ago] ('mohammed@gmail.com',)
2026-02-18 14:55:28,755 - INSERT INTO user (email, hashed_password) VALUES (?, ?)
2026-02-18 14:55:28,755 - [generated in 0.00037s] ('mohammed@gmail.com', '$2b$12$Oi1Ml8nQ4avWd7Up7c5gIuGBiTlmFeCyxHcwmmJVc2NJXFNcopXfq')
2026-02-18 14:55:28,756 - COMMIT
2026-02-18 14:55:28,790 - BEGIN (implicit)
2026-02-18 14:55:28,792 - SELECT user.id, user.email, user.hashed_password 
FROM user 
WHERE user.id = ?
2026-02-18 14:55:28,792 - [generated in 0.00033s] (2,)
2026-02-18 14:55:28,792 - ROLLBACK
2026-02-18 14:55:43,027 - BEGIN (implicit)
2026-02-18 14:55:43,028 - SELECT user.id, user.email, user.hashed_password 
FROM user 
WHERE user.email = ?
2026-02-18 14:55:43,028 - [cached since 57.78s ago] ('mohammed@gmail.com',)
2026-02-18 14:55:43,235 - ROLLBACK
2026-02-18 14:55:44,477 - BEGIN (implicit)
2026-02-18 14:55:44,478 - SELECT "transaction".id, "transaction".user_id, "transaction".amount, "transaction".currency, "transaction".merchant_id, "transaction".idempotency_key, "transaction".created_at 
FROM "transaction" 
WHERE "transaction".user_id = ?
2026-02-18 14:55:44,478 - [cached since 56.41s ago] (2,)
2026-02-18 14:55:44,478 - ROLLBACK
2026-02-18 14:56:08,130 - BEGIN (implicit)
2026-02-18 14:56:08,131 - SELECT user.id, user.email, user.hashed_password 
FROM user 
WHERE user.email = ?
2026-02-18 14:56:08,131 - [cached since 82.88s ago] ('mohammed@gmail.com',)
2026-02-18 14:56:08,336 - ROLLBACK
2026-02-18 14:56:13,216 - BEGIN (implicit)
2026-02-18 14:56:13,217 - SELECT user.id, user.email, user.hashed_password 
FROM user 
WHERE user.email = ?
2026-02-18 14:56:13,217 - [cached since 87.97s ago] ('mohammed@gmail.com',)
2026-02-18 14:56:13,218 - ROLLBACK
2026-02-18 14:56:16,672 - BEGIN (implicit)
2026-02-18 14:56:16,672 - SELECT user.id, user.email, user.hashed_password 
FROM user 
WHERE user.email = ?
2026-02-18 14:56:16,673 - [cached since 91.42s ago] ('mohammed@gmail.com',)
2026-02-18 14:56:16,880 - ROLLBACK
2026-02-18 15:02:07,596 - BEGIN (implicit)
2026-02-18 15:02:07,598 - PRAGMA main.table_info("user")
2026-02-18 15:02:07,598 - [raw sql] ()
2026-02-18 15:02:07,599 - PRAGMA main.table_info("transaction")
2026-02-18 15:02:07,600 - [raw sql] ()
2026-02-18 15:02:07,600 - COMMIT
2026-02-18 15:02:35,202 - BEGIN (implicit)
2026-02-18 15:02:35,206 - SELECT user.id, user.email, user.hashed_password 
FROM user 
WHERE user.email = ?
2026-02-18 15:02:35,206 - [generated in 0.00037s] ('mohammed@gmail.com',)
2026-02-18 15:02:35,207 - ROLLBACK
2026-02-18 15:02:43,837 - BEGIN (implicit)
2026-02-18 15:02:43,837 - SELECT user.id, user.email, user.hashed_password 
FROM user 
WHERE user.email = ?
2026-02-18 15:02:43,837 - [cached since 8.632s ago] ('mohammed@gmail.com',)
2026-02-18 15:02:44,050 - ROLLBACK
2026-02-18 15:02:48,136 - BEGIN (implicit)
2026-02-18 15:02:48,138 - SELECT "transaction".id, "transaction".user_id, "transaction".amount, "transaction".currency, "transaction".merchant_id, "transaction".idempotency_key, "transaction".created_at 
FROM "transaction" 
WHERE "transaction".user_id = ?
2026-02-18 15:02:48,139 - [generated in 0.00041s] (2,)
2026-02-18 15:02:48,140 - ROLLBACK
2026-02-18 15:02:52,540 - BEGIN (implicit)
2026-02-18 15:02:52,542 - SELECT "transaction".id, "transaction".user_id, "transaction".amount, "transaction".currency, "transaction".merchant_id, "transaction".idempotency_key, "transaction".created_at 
FROM "transaction" 
WHERE "transaction".user_id = ?
2026-02-18 15:02:52,542 - [cached since 4.404s ago] (2,)
2026-02-18 15:02:52,543 - ROLLBACK
2026-02-18 15:03:08,547 - BEGIN (implicit)
2026-02-18 15:03:08,547 - SELECT user.id, user.email, user.hashed_password 
FROM user 
WHERE user.email = ?
2026-02-18 15:03:08,548 - [cached since 33.34s ago] ('mohammedzuhaib@gmail.com',)
2026-02-18 15:03:08,753 - ROLLBACK
2026-02-18 15:03:10,104 - BEGIN (implicit)
2026-02-18 15:03:10,105 - SELECT "transaction".id, "transaction".user_id, "transaction".amount, "transaction".currency, "transaction".merchant_id, "transaction".idempotency_key, "transaction".created_at 
FROM "transaction" 
WHERE "transaction".user_id = ?
2026-02-18 15:03:10,106 - [cached since 21.97s ago] (1,)
2026-02-18 15:03:10,108 - ROLLBACK
2026-02-18 15:03:13,334 - BEGIN (implicit)
2026-02-18 15:03:13,336 - SELECT "transaction".id, "transaction".user_id, "transaction".amount, "transaction".currency, "transaction".merchant_id, "transaction".idempotency_key, "transaction".created_at 
FROM "transaction" 
WHERE "transaction".user_id = ?
2026-02-18 15:03:13,337 - [cached since 25.2s ago] (1,)
2026-02-18 15:03:13,339 - ROLLBACK
2026-02-18 15:03:28,919 - BEGIN (implicit)
2026-02-18 15:03:28,920 - SELECT "transaction".id, "transaction".user_id, "transaction".amount, "transaction".currency, "transaction".merchant_id, "transaction".idempotency_key, "transaction".created_at 
FROM "transaction" 
WHERE "transaction".idempotency_key = ?
2026-02-18 15:03:28,921 - [generated in 0.00055s] ('1771407208911-0.898324959175395',)
2026-02-18 15:03:28,925 - INSERT INTO "transaction" (user_id, amount, currency, merchant_id, idempotency_key, created_at) VALUES (?, ?, ?, ?, ?, ?)
2026-02-18 15:03:28,925 - [generated in 0.00044s] (1, 58987.0, 'INR', '1001', '1771407208911-0.898324959175395', '2026-02-18 09:33:28.923098')
2026-02-18 15:03:28,927 - COMMIT
2026-02-18 15:03:28,961 - BEGIN (implicit)
2026-02-18 15:03:28,965 - SELECT "transaction".id, "transaction".user_id, "transaction".amount, "transaction".currency, "transaction".merchant_id, "transaction".idempotency_key, "transaction".created_at 
FROM "transaction" 
WHERE "transaction".id = ?
2026-02-18 15:03:28,965 - [generated in 0.00077s] (2,)
2026-02-18 15:03:28,966 - ROLLBACK
2026-02-18 15:03:30,890 - BEGIN (implicit)
2026-02-18 15:03:30,891 - SELECT "transaction".id, "transaction".user_id, "transaction".amount, "transaction".currency, "transaction".merchant_id, "transaction".idempotency_key, "transaction".created_at 
FROM "transaction" 
WHERE "transaction".user_id = ?
2026-02-18 15:03:30,892 - [cached since 42.75s ago] (1,)
2026-02-18 15:03:30,893 - ROLLBACK
2026-02-18 15:03:37,773 - BEGIN (implicit)
2026-02-18 15:03:37,774 - SELECT "transaction".id, "transaction".user_id, "transaction".amount, "transaction".currency, "transaction".merchant_id, "transaction".idempotency_key, "transaction".created_at 
FROM "transaction" 
WHERE "transaction".user_id = ?
2026-02-18 15:03:37,774 - [cached since 49.64s ago] (1,)
2026-02-18 15:03:37,775 - ROLLBACK
2026-02-18 15:09:38,552 - BEGIN (implicit)
2026-02-18 15:09:38,552 - PRAGMA main.table_info("user")
2026-02-18 15:09:38,552 - [raw sql] ()
2026-02-18 15:09:38,553 - PRAGMA main.table_info("transaction")
2026-02-18 15:09:38,553 - [raw sql] ()
2026-02-18 15:09:38,554 - COMMIT
2026-02-18 15:10:29,107 - BEGIN (implicit)
2026-02-18 15:10:29,111 - SELECT user.id, user.email, user.hashed_password 
FROM user 
WHERE user.email = ?
2026-02-18 15:10:29,112 - [generated in 0.00040s] ('mohammedzuhaib@gmail.com',)
2026-02-18 15:10:29,317 - Failed login attempt for email: mohammedzuhaib@gmail.com
2026-02-18 15:10:29,317 - ROLLBACK
2026-02-18 15:10:36,727 - BEGIN (implicit)
2026-02-18 15:10:36,728 - SELECT user.id, user.email, user.hashed_password 
FROM user 
WHERE user.email = ?
2026-02-18 15:10:36,728 - [cached since 7.617s ago] ('mohammed@gmail.com',)
2026-02-18 15:10:36,936 - ROLLBACK
2026-02-18 15:10:38,518 - BEGIN (implicit)
2026-02-18 15:10:38,523 - SELECT "transaction".id, "transaction".user_id, "transaction".amount, "transaction".currency, "transaction".merchant_id, "transaction".idempotency_key, "transaction".created_at 
FROM "transaction" 
WHERE "transaction".user_id = ?
2026-02-18 15:10:38,523 - [generated in 0.00038s] (2,)
2026-02-18 15:10:38,524 - ROLLBACK
2026-02-18 15:10:51,664 - BEGIN (implicit)
2026-02-18 15:10:51,666 - SELECT "transaction".id, "transaction".user_id, "transaction".amount, "transaction".currency, "transaction".merchant_id, "transaction".idempotency_key, "transaction".created_at 
FROM "transaction" 
WHERE "transaction".idempotency_key = ?
2026-02-18 15:10:51,666 - [generated in 0.00041s] ('1771407651660-0.6534657215999393',)
2026-02-18 15:10:51,669 - INSERT INTO "transaction" (user_id, amount, currency, merchant_id, idempotency_key, created_at) VALUES (?, ?, ?, ?, ?, ?)
2026-02-18 15:10:51,669 - [generated in 0.00035s] (2, 5000.0, 'USD', '5001', '1771407651660-0.6534657215999393', '2026-02-18 09:40:51.667530')
2026-02-18 15:10:51,671 - COMMIT
2026-02-18 15:10:51,682 - BEGIN (implicit)
2026-02-18 15:10:51,685 - SELECT "transaction".id, "transaction".user_id, "transaction".amount, "transaction".currency, "transaction".merchant_id, "transaction".idempotency_key, "transaction".created_at 
FROM "transaction" 
WHERE "transaction".id = ?
2026-02-18 15:10:51,685 - [generated in 0.00054s] (3,)
2026-02-18 15:10:51,686 - ROLLBACK
2026-02-18 15:10:53,813 - BEGIN (implicit)
2026-02-18 15:10:53,814 - SELECT "transaction".id, "transaction".user_id, "transaction".amount, "transaction".currency, "transaction".merchant_id, "transaction".idempotency_key, "transaction".created_at 
FROM "transaction" 
WHERE "transaction".user_id = ?
2026-02-18 15:10:53,814 - [cached since 15.29s ago] (2,)
2026-02-18 15:10:53,815 - ROLLBACK
2026-02-18 15:11:11,431 - BEGIN (implicit)
2026-02-18 15:11:11,432 - SELECT "transaction".id, "transaction".user_id, "transaction".amount, "transaction".currency, "transaction".merchant_id, "transaction".idempotency_key, "transaction".created_at 
FROM "transaction" 
WHERE "transaction".user_id = ?
2026-02-18 15:11:11,432 - [cached since 32.91s ago] (2,)
2026-02-18 15:11:11,434 - ROLLBACK
2026-02-18 15:11:13,761 - BEGIN (implicit)
2026-02-18 15:11:13,762 - SELECT "transaction".id, "transaction".user_id, "transaction".amount, "transaction".currency, "transaction".merchant_id, "transaction".idempotency_key, "transaction".created_at 
FROM "transaction" 
WHERE "transaction".user_id = ?
2026-02-18 15:11:13,762 - [cached since 35.24s ago] (2,)
2026-02-18 15:11:13,764 - ROLLBACK
2026-02-18 15:11:41,176 - BEGIN (implicit)
2026-02-18 15:11:41,177 - SELECT "transaction".id, "transaction".user_id, "transaction".amount, "transaction".currency, "transaction".merchant_id, "transaction".idempotency_key, "transaction".created_at 
FROM "transaction" 
WHERE "transaction".user_id = ?
2026-02-18 15:11:41,177 - [cached since 62.65s ago] (2,)
2026-02-18 15:11:41,177 - ROLLBACK
2026-02-18 15:16:25,299 - BEGIN (implicit)
2026-02-18 15:16:25,302 - SELECT "transaction".id, "transaction".user_id, "transaction".amount, "transaction".currency, "transaction".merchant_id, "transaction".idempotency_key, "transaction".created_at 
FROM "transaction" 
WHERE "transaction".user_id = ?
2026-02-18 15:16:25,303 - [cached since 346.8s ago] (2,)
2026-02-18 15:16:25,303 - ROLLBACK
INFO:sqlalchemy.engine.Engine:BEGIN (implicit)
INFO:sqlalchemy.engine.Engine:PRAGMA main.table_info("user")
INFO:sqlalchemy.engine.Engine:[raw sql] ()
INFO:sqlalchemy.engine.Engine:PRAGMA main.table_info("transaction")
INFO:sqlalchemy.engine.Engine:[raw sql] ()
INFO:sqlalchemy.engine.Engine:COMMIT
2026-02-18 15:24:53,428 - BEGIN (implicit)
2026-02-18 15:24:53,429 - PRAGMA main.table_info("user")
2026-02-18 15:24:53,429 - [raw sql] ()
2026-02-18 15:24:53,430 - PRAGMA main.table_info("transaction")
2026-02-18 15:24:53,430 - [raw sql] ()
2026-02-18 15:24:53,430 - COMMIT
2026-02-18 15:25:06,228 - Invalid token: JWT decode failed
2026-02-18 15:25:27,038 - BEGIN (implicit)
2026-02-18 15:25:27,042 - SELECT user.id, user.email, user.hashed_password 
FROM user 
WHERE user.email = ?
2026-02-18 15:25:27,042 - [generated in 0.00050s] ('mohammed@gmail.com',)
2026-02-18 15:25:27,044 - ROLLBACK
2026-02-18 15:25:44,093 - BEGIN (implicit)
2026-02-18 15:25:44,094 - SELECT user.id, user.email, user.hashed_password 
FROM user 
WHERE user.email = ?
2026-02-18 15:25:44,094 - [cached since 17.05s ago] ('mohammed@gmail.com',)
2026-02-18 15:25:44,301 - ROLLBACK
2026-02-18 15:25:45,768 - BEGIN (implicit)
2026-02-18 15:25:45,773 - SELECT "transaction".id, "transaction".user_id, "transaction".amount, "transaction".currency, "transaction".merchant_id, "transaction".idempotency_key, "transaction".created_at 
FROM "transaction" 
WHERE "transaction".user_id = ?
2026-02-18 15:25:45,775 - [generated in 0.00199s] (2,)
2026-02-18 15:25:45,776 - ROLLBACK
2026-02-18 15:26:05,063 - BEGIN (implicit)
2026-02-18 15:26:05,063 - SELECT "transaction".id, "transaction".user_id, "transaction".amount, "transaction".currency, "transaction".merchant_id, "transaction".idempotency_key, "transaction".created_at 
FROM "transaction" 
WHERE "transaction".user_id = ?
2026-02-18 15:26:05,063 - [cached since 19.29s ago] (2,)
2026-02-18 15:26:05,064 - ROLLBACK
2026-02-18 15:26:05,945 - BEGIN (implicit)
2026-02-18 15:26:05,945 - SELECT "transaction".id, "transaction".user_id, "transaction".amount, "transaction".currency, "transaction".merchant_id, "transaction".idempotency_key, "transaction".created_at 
FROM "transaction" 
WHERE "transaction".user_id = ?
2026-02-18 15:26:05,946 - [cached since 20.17s ago] (2,)
2026-02-18 15:26:05,946 - ROLLBACK
2026-02-18 15:26:07,244 - BEGIN (implicit)
2026-02-18 15:26:07,245 - SELECT "transaction".id, "transaction".user_id, "transaction".amount, "transaction".currency, "transaction".merchant_id, "transaction".idempotency_key, "transaction".created_at 
FROM "transaction" 
WHERE "transaction".user_id = ?
2026-02-18 15:26:07,245 - [cached since 21.47s ago] (2,)
2026-02-18 15:26:07,245 - ROLLBACK
2026-02-18 16:16:00,809 - BEGIN (implicit)
2026-02-18 16:16:00,813 - SELECT user.id, user.email, user.hashed_password 
FROM user 
WHERE user.email = ?
2026-02-18 16:16:00,813 - [cached since 3034s ago] ('mohammed@gmail.com',)
2026-02-18 16:16:00,814 - ROLLBACK
2026-02-18 16:16:10,461 - BEGIN (implicit)
2026-02-18 16:16:10,461 - SELECT user.id, user.email, user.hashed_password 
FROM user 
WHERE user.email = ?
2026-02-18 16:16:10,461 - [cached since 3043s ago] ('mohammed1@gmail.com',)
2026-02-18 16:16:10,670 - INSERT INTO user (email, hashed_password) VALUES (?, ?)
2026-02-18 16:16:10,670 - [generated in 0.00034s] ('mohammed1@gmail.com', '$2b$12$jIUembDwqJQK7aJsBwyZa.J0GkmJJsFsYFzP0thNPHb7Cez/3vSLG')
2026-02-18 16:16:10,671 - COMMIT
2026-02-18 16:16:10,680 - BEGIN (implicit)
2026-02-18 16:16:10,684 - SELECT user.id, user.email, user.hashed_password 
FROM user 
WHERE user.id = ?
2026-02-18 16:16:10,685 - [generated in 0.00101s] (3,)
2026-02-18 16:16:10,688 - ROLLBACK
